Build target 'STC32G12K128'
compiling board.c...
compiling common.c...
compiling zf_adc.c...
compiling zf_delay.c...
compiling zf_eeprom.c...
compiling zf_exti.c...
compiling zf_gpio.c...
compiling zf_nvic.c...
compiling zf_pwm.c...
compiling zf_spi.c...
compiling zf_tim.c...
compiling zf_uart.c...
compiling zf_fifo.c...
compiling SEEKFREE_18TFT.c...
compiling SEEKFREE_BLUETOOTH_CH9141.c...
compiling SEEKFREE_DL1A.c...
compiling SEEKFREE_DL1B.c...
compiling SEEKFREE_FONT.c...
compiling SEEKFREE_ICM20602.c...
compiling SEEKFREE_IMU660RA.c...
compiling SEEKFREE_IMU963RA.c...
compiling SEEKFREE_IPS114_SPI.c...
compiling SEEKFREE_MPU6050.c...
compiling SEEKFREE_OLED.c...
compiling SEEKFREE_PRINTF.c...
compiling SEEKFREE_VIRSCO.c...
compiling SEEKFREE_WIRELESS.c...
compiling SEEKFREE_WIRELESS_CH573.c...
compiling SEEKFREE_IPS200_SPI.c...
compiling isr.c...
compiling main.c...
compiling data.c...
compiling filter.c...
compiling kaerman.c...
compiling other.c...
compiling speed.c...
compiling pid.c...
compiling ringjudge.c...
compiling element.c...
compiling keyboard.c...
compiling eeprom.c...
linking...
*** WARNING L14: INCOMPATIBLE MEMORY MODEL
    MODULE:  ..\..\Libraries\seekfree_peripheral\SEEKFREE_CONFIG.LIB (SEEKFREE_CONFIG)
    MODEL:   XSMALL

Program Size: data=8.0 edata+hdata=256 xdata=5612 const=2439 code=54619
creating hex file from ".\Out_File\SEEKFREE"...
".\Out_File\SEEKFREE" - 0 Error(s), 1 Warning(s).
Build Time Elapsed:  00:00:08
